app/build/intermediates/manifest_merge_blame_file/debug/manifest-merger-blame-debug-report.txt
1<?xml version="1.0" encoding="utf-8"?>
2<manifest xmlns:android="http://schemas.android.com/apk/res/android"
3    package="com.azhar.moviedb"
4    android:versionCode="1"
5    android:versionName="1.0" >
6
7    <uses-sdk
8        android:minSdkVersion="21"
8-->src\main\AndroidManifest.xml
9        android:targetSdkVersion="29" />
9-->src\main\AndroidManifest.xml
10
11    <uses-permission android:name="android.permission.INTERNET" />
11-->src\main\AndroidManifest.xml:6:5-67
11-->src\main\AndroidManifest.xml:6:22-64
12    <uses-permission android:name="android.permission.WAKE_LOCK" />
12-->src\main\AndroidManifest.xml:7:5-68
12-->src\main\AndroidManifest.xml:7:22-65
13    <uses-permission android:name="android.permission.VIBRATE" />
13-->src\main\AndroidManifest.xml:8:5-66
13-->src\main\AndroidManifest.xml:8:22-63
14    <uses-permission android:name="android.permission.ACCESS_NETWORK_STATE" />
14-->[io.realm:realm-android-library-object-server:5.1.0] AndroidManifest.xml:10:5-79
14-->[io.realm:realm-android-library-object-server:5.1.0] AndroidManifest.xml:10:22-76
15
16    <application
16-->src\main\AndroidManifest.xml:10:5-44:19
17        android:allowBackup="true"
17-->src\main\AndroidManifest.xml:11:9-35
18        android:appComponentFactory="androidx.core.app.CoreComponentFactory"
18-->[androidx.core:core:1.3.0] AndroidManifest.xml:24:18-86
19        android:debuggable="true"
20        android:icon="@mipmap/logo_video"
20-->src\main\AndroidManifest.xml:12:9-42
21        android:label="@string/app_name"
21-->src\main\AndroidManifest.xml:13:9-41
22        android:roundIcon="@mipmap/logo_video"
22-->src\main\AndroidManifest.xml:14:9-47
23        android:supportsRtl="true"
23-->src\main\AndroidManifest.xml:15:9-35
24        android:testOnly="true"
25        android:theme="@style/AppTheme"
25-->src\main\AndroidManifest.xml:16:9-40
26        android:usesCleartextTraffic="true" >
26-->src\main\AndroidManifest.xml:17:9-44
27        <activity android:name="com.npwyudi.trailermovie.activities.SettingActivity" />
27-->src\main\AndroidManifest.xml:18:9-88
27-->src\main\AndroidManifest.xml:18:19-85
28        <activity android:name="com.npwyudi.trailermovie.activities.DetailMovieActivity" />
28-->src\main\AndroidManifest.xml:19:9-92
28-->src\main\AndroidManifest.xml:19:19-89
29        <activity android:name="com.npwyudi.trailermovie.activities.DetailTelevisionActivity" />
29-->src\main\AndroidManifest.xml:20:9-97
29-->src\main\AndroidManifest.xml:20:19-94
30        <activity
30-->src\main\AndroidManifest.xml:21:9-24:54
31            android:name="com.npwyudi.trailermovie.activities.MainActivity"
31-->src\main\AndroidManifest.xml:22:13-76
32            android:configChanges="keyboardHidden|orientation|screenSize"
32-->src\main\AndroidManifest.xml:23:13-74
33            android:windowSoftInputMode="adjustPan" />
33-->src\main\AndroidManifest.xml:24:13-52
34        <activity android:name="com.npwyudi.trailermovie.activities.SplashscreenActivity" >
34-->src\main\AndroidManifest.xml:25:13-31:20
34-->src\main\AndroidManifest.xml:25:23-94
35            <intent-filter>
35-->src\main\AndroidManifest.xml:26:13-30:29
36                <action android:name="android.intent.action.MAIN" />
36-->src\main\AndroidManifest.xml:27:17-69
36-->src\main\AndroidManifest.xml:27:25-66
37
38                <category android:name="android.intent.category.LAUNCHER" />
38-->src\main\AndroidManifest.xml:29:17-77
38-->src\main\AndroidManifest.xml:29:27-74
39            </intent-filter>
40        </activity>
41
42        <receiver
42-->src\main\AndroidManifest.xml:33:9-37:47
43            android:name="com.npwyudi.trailermovie.notification.NotificationReleaseReceiver"
43-->src\main\AndroidManifest.xml:34:13-93
44            android:enabled="true"
44-->src\main\AndroidManifest.xml:35:13-35
45            android:exported="true" />
45-->src\main\AndroidManifest.xml:36:13-36
46        <receiver
46-->src\main\AndroidManifest.xml:39:9-43:47
47            android:name="com.npwyudi.trailermovie.notification.NotificationDailyReceiver"
47-->src\main\AndroidManifest.xml:40:13-91
48            android:enabled="true"
48-->src\main\AndroidManifest.xml:41:13-35
49            android:exported="true" />
49-->src\main\AndroidManifest.xml:42:13-36
50
51        <provider
51-->[androidx.lifecycle:lifecycle-process:2.2.0] AndroidManifest.xml:25:9-29:43
52            android:name="androidx.lifecycle.ProcessLifecycleOwnerInitializer"
52-->[androidx.lifecycle:lifecycle-process:2.2.0] AndroidManifest.xml:26:13-79
53            android:authorities="com.azhar.moviedb.lifecycle-process"
53-->[androidx.lifecycle:lifecycle-process:2.2.0] AndroidManifest.xml:27:13-69
54            android:exported="false"
54-->[androidx.lifecycle:lifecycle-process:2.2.0] AndroidManifest.xml:28:13-37
55            android:multiprocess="true" />
55-->[androidx.lifecycle:lifecycle-process:2.2.0] AndroidManifest.xml:29:13-40
56    </application>
57
58</manifest>